<?xml version="1.0" encoding="UTF-8"?>
<testsuite name="com.app.smoothie.integration.SmoothieApplicationTests" tests="1" skipped="0" failures="0" errors="0" timestamp="2022-11-27T22:55:07" hostname="mbp-adccgs2" time="0.127">
  <properties/>
  <testcase name="contextLoads()" classname="com.app.smoothie.integration.SmoothieApplicationTests" time="0.127"/>
  <system-out><![CDATA[23:55:02.456 [Test worker] DEBUG org.springframework.test.context.BootstrapUtils - Instantiating CacheAwareContextLoaderDelegate from class [org.springframework.test.context.cache.DefaultCacheAwareContextLoaderDelegate]
23:55:02.466 [Test worker] DEBUG org.springframework.test.context.BootstrapUtils - Instantiating BootstrapContext using constructor [public org.springframework.test.context.support.DefaultBootstrapContext(java.lang.Class,org.springframework.test.context.CacheAwareContextLoaderDelegate)]
23:55:02.492 [Test worker] DEBUG org.springframework.test.context.BootstrapUtils - Instantiating TestContextBootstrapper for test class [com.app.smoothie.integration.SmoothieApplicationTests] from class [org.springframework.boot.test.context.SpringBootTestContextBootstrapper]
23:55:02.502 [Test worker] INFO org.springframework.boot.test.context.SpringBootTestContextBootstrapper - Neither @ContextConfiguration nor @ContextHierarchy found for test class [com.app.smoothie.integration.SmoothieApplicationTests], using SpringBootContextLoader
23:55:02.505 [Test worker] DEBUG org.springframework.test.context.support.AbstractContextLoader - Did not detect default resource location for test class [com.app.smoothie.integration.SmoothieApplicationTests]: class path resource [com/app/smoothie/integration/SmoothieApplicationTests-context.xml] does not exist
23:55:02.505 [Test worker] DEBUG org.springframework.test.context.support.AbstractContextLoader - Did not detect default resource location for test class [com.app.smoothie.integration.SmoothieApplicationTests]: class path resource [com/app/smoothie/integration/SmoothieApplicationTestsContext.groovy] does not exist
23:55:02.506 [Test worker] INFO org.springframework.test.context.support.AbstractContextLoader - Could not detect default resource locations for test class [com.app.smoothie.integration.SmoothieApplicationTests]: no resource found for suffixes {-context.xml, Context.groovy}.
23:55:02.506 [Test worker] INFO org.springframework.test.context.support.AnnotationConfigContextLoaderUtils - Could not detect default configuration classes for test class [com.app.smoothie.integration.SmoothieApplicationTests]: SmoothieApplicationTests does not declare any static, non-private, non-final, nested classes annotated with @Configuration.
23:55:02.547 [Test worker] DEBUG org.springframework.test.context.support.ActiveProfilesUtils - Could not find an 'annotation declaring class' for annotation type [org.springframework.test.context.ActiveProfiles] and class [com.app.smoothie.integration.SmoothieApplicationTests]
23:55:02.605 [Test worker] DEBUG org.springframework.context.annotation.ClassPathScanningCandidateComponentProvider - Identified candidate component class: file [/Users/lukaszpiotrowski/dev/repo/smoothie/build/classes/java/main/com/app/smoothie/integration/SmoothieApplication.class]
23:55:02.606 [Test worker] INFO org.springframework.boot.test.context.SpringBootTestContextBootstrapper - Found @SpringBootConfiguration com.app.smoothie.integration.SmoothieApplication for test class com.app.smoothie.integration.SmoothieApplicationTests
23:55:02.676 [Test worker] DEBUG org.springframework.boot.test.context.SpringBootTestContextBootstrapper - @TestExecutionListeners is not present for class [com.app.smoothie.integration.SmoothieApplicationTests]: using defaults.
23:55:02.676 [Test worker] INFO org.springframework.boot.test.context.SpringBootTestContextBootstrapper - Loaded default TestExecutionListener class names from location [META-INF/spring.factories]: [org.springframework.security.test.context.support.WithSecurityContextTestExecutionListener, org.springframework.security.test.context.support.ReactorContextTestExecutionListener, org.springframework.boot.test.autoconfigure.restdocs.RestDocsTestExecutionListener, org.springframework.boot.test.autoconfigure.web.client.MockRestServiceServerResetTestExecutionListener, org.springframework.boot.test.autoconfigure.web.servlet.MockMvcPrintOnlyOnFailureTestExecutionListener, org.springframework.boot.test.autoconfigure.web.servlet.WebDriverTestExecutionListener, org.springframework.boot.test.autoconfigure.webservices.client.MockWebServiceServerTestExecutionListener, org.springframework.boot.test.mock.mockito.MockitoTestExecutionListener, org.springframework.boot.test.mock.mockito.ResetMocksTestExecutionListener, org.springframework.test.context.web.ServletTestExecutionListener, org.springframework.test.context.support.DirtiesContextBeforeModesTestExecutionListener, org.springframework.test.context.event.ApplicationEventsTestExecutionListener, org.springframework.test.context.support.DependencyInjectionTestExecutionListener, org.springframework.test.context.support.DirtiesContextTestExecutionListener, org.springframework.test.context.transaction.TransactionalTestExecutionListener, org.springframework.test.context.jdbc.SqlScriptsTestExecutionListener, org.springframework.test.context.event.EventPublishingTestExecutionListener]
23:55:02.699 [Test worker] INFO org.springframework.boot.test.context.SpringBootTestContextBootstrapper - Using TestExecutionListeners: [org.springframework.test.context.web.ServletTestExecutionListener@323e8306, org.springframework.test.context.support.DirtiesContextBeforeModesTestExecutionListener@a23a01d, org.springframework.test.context.event.ApplicationEventsTestExecutionListener@4acf72b6, org.springframework.boot.test.mock.mockito.MockitoTestExecutionListener@7561db12, org.springframework.boot.test.autoconfigure.SpringBootDependencyInjectionTestExecutionListener@3301500b, org.springframework.test.context.support.DirtiesContextTestExecutionListener@24b52d3e, org.springframework.test.context.transaction.TransactionalTestExecutionListener@15deb1dc, org.springframework.test.context.jdbc.SqlScriptsTestExecutionListener@6e9c413e, org.springframework.security.test.context.support.WithSecurityContextTestExecutionListener@57a4d5ee, org.springframework.test.context.event.EventPublishingTestExecutionListener@5af5def9, org.springframework.security.test.context.support.ReactorContextTestExecutionListener@3a45c42a, org.springframework.boot.test.autoconfigure.restdocs.RestDocsTestExecutionListener@36dce7ed, org.springframework.boot.test.autoconfigure.web.client.MockRestServiceServerResetTestExecutionListener@47a64f7d, org.springframework.boot.test.autoconfigure.web.servlet.MockMvcPrintOnlyOnFailureTestExecutionListener@33d05366, org.springframework.boot.test.autoconfigure.web.servlet.WebDriverTestExecutionListener@27a0a5a2, org.springframework.boot.test.autoconfigure.webservices.client.MockWebServiceServerTestExecutionListener@7692cd34, org.springframework.boot.test.mock.mockito.ResetMocksTestExecutionListener@33aa93c]
23:55:02.704 [Test worker] DEBUG org.springframework.test.context.support.AbstractDirtiesContextTestExecutionListener - Before test class: context [DefaultTestContext@41de5768 testClass = SmoothieApplicationTests, testInstance = [null], testMethod = [null], testException = [null], mergedContextConfiguration = [WebMergedContextConfiguration@5f577419 testClass = SmoothieApplicationTests, locations = '{}', classes = '{class com.app.smoothie.integration.SmoothieApplication}', contextInitializerClasses = '[]', activeProfiles = '{}', propertySourceLocations = '{}', propertySourceProperties = '{org.springframework.boot.test.context.SpringBootTestContextBootstrapper=true}', contextCustomizers = set[org.springframework.boot.test.autoconfigure.actuate.metrics.MetricsExportContextCustomizerFactory$DisableMetricExportContextCustomizer@52045dbe, org.springframework.boot.test.autoconfigure.properties.PropertyMappingContextCustomizer@0, org.springframework.boot.test.autoconfigure.web.servlet.WebDriverContextCustomizerFactory$Customizer@45efc20d, org.springframework.boot.test.context.filter.ExcludeFilterContextCustomizer@2a3c96e3, org.springframework.boot.test.json.DuplicateJsonObjectContextCustomizerFactory$DuplicateJsonObjectContextCustomizer@a776e, org.springframework.boot.test.mock.mockito.MockitoContextCustomizer@0, org.springframework.boot.test.web.client.TestRestTemplateContextCustomizer@60d1a32f, org.springframework.boot.test.context.SpringBootTestArgs@1, org.springframework.boot.test.context.SpringBootTestWebEnvironment@1e13529a], resourceBasePath = 'src/main/webapp', contextLoader = 'org.springframework.boot.test.context.SpringBootContextLoader', parent = [null]], attributes = map['org.springframework.test.context.web.ServletTestExecutionListener.activateListener' -> true]], class annotated with @DirtiesContext [false] with mode [null].

  .   ____          _            __ _ _
 /\\ / ___'_ __ _ _(_)_ __  __ _ \ \ \ \
( ( )\___ | '_ | '_| | '_ \/ _` | \ \ \ \
 \\/  ___)| |_)| | | | | || (_| |  ) ) ) )
  '  |____| .__|_| |_|_| |_\__, | / / / /
 =========|_|==============|___/=/_/_/_/
 :: Spring Boot ::                (v2.7.6)

2022-11-27 23:55:03.004  INFO 85703 --- [    Test worker] c.a.s.i.SmoothieApplicationTests         : Starting SmoothieApplicationTests using Java 11.0.11 on mbp-adccgs2 with PID 85703 (started by lukaszpiotrowski in /Users/lukaszpiotrowski/dev/repo/smoothie)
2022-11-27 23:55:03.005  INFO 85703 --- [    Test worker] c.a.s.i.SmoothieApplicationTests         : No active profile set, falling back to 1 default profile: "default"
2022-11-27 23:55:03.495  INFO 85703 --- [    Test worker] .s.d.r.c.RepositoryConfigurationDelegate : Bootstrapping Spring Data JPA repositories in DEFAULT mode.
2022-11-27 23:55:03.538  INFO 85703 --- [    Test worker] .s.d.r.c.RepositoryConfigurationDelegate : Finished Spring Data repository scanning in 35 ms. Found 1 JPA repository interfaces.
2022-11-27 23:55:04.222  INFO 85703 --- [    Test worker] com.zaxxer.hikari.HikariDataSource       : HikariPool-1 - Starting...
2022-11-27 23:55:04.437  INFO 85703 --- [    Test worker] com.zaxxer.hikari.HikariDataSource       : HikariPool-1 - Start completed.
2022-11-27 23:55:04.515  INFO 85703 --- [    Test worker] o.hibernate.jpa.internal.util.LogHelper  : HHH000204: Processing PersistenceUnitInfo [name: default]
2022-11-27 23:55:04.570  INFO 85703 --- [    Test worker] org.hibernate.Version                    : HHH000412: Hibernate ORM core version 5.6.14.Final
2022-11-27 23:55:04.753  INFO 85703 --- [    Test worker] o.hibernate.annotations.common.Version   : HCANN000001: Hibernate Commons Annotations {5.1.2.Final}
2022-11-27 23:55:04.869  INFO 85703 --- [    Test worker] org.hibernate.dialect.Dialect            : HHH000400: Using dialect: org.hibernate.dialect.H2Dialect
2022-11-27 23:55:05.372  INFO 85703 --- [    Test worker] o.h.e.t.j.p.i.JtaPlatformInitiator       : HHH000490: Using JtaPlatform implementation: [org.hibernate.engine.transaction.jta.platform.internal.NoJtaPlatform]
2022-11-27 23:55:05.378  INFO 85703 --- [    Test worker] j.LocalContainerEntityManagerFactoryBean : Initialized JPA EntityManagerFactory for persistence unit 'default'
2022-11-27 23:55:06.045  INFO 85703 --- [    Test worker] o.s.s.web.DefaultSecurityFilterChain     : Will secure any request with [org.springframework.security.web.session.DisableEncodeUrlFilter@7ef7faa9, org.springframework.security.web.context.request.async.WebAsyncManagerIntegrationFilter@1b901f7b, org.springframework.security.web.context.SecurityContextPersistenceFilter@664083f6, org.springframework.security.web.header.HeaderWriterFilter@572db5ee, org.springframework.security.web.authentication.logout.LogoutFilter@79454d8e, org.springframework.security.web.authentication.www.BasicAuthenticationFilter@5d957cf0, org.springframework.security.web.savedrequest.RequestCacheAwareFilter@6ec77cab, org.springframework.security.web.servletapi.SecurityContextHolderAwareRequestFilter@c7a1db6, org.springframework.security.web.authentication.AnonymousAuthenticationFilter@2c9aeec6, org.springframework.security.web.session.SessionManagementFilter@6d6d81c, org.springframework.security.web.access.ExceptionTranslationFilter@abe7d36, org.springframework.security.web.access.intercept.FilterSecurityInterceptor@55300b93]
2022-11-27 23:55:06.325  WARN 85703 --- [    Test worker] JpaBaseConfiguration$JpaWebConfiguration : spring.jpa.open-in-view is enabled by default. Therefore, database queries may be performed during view rendering. Explicitly configure spring.jpa.open-in-view to disable this warning
2022-11-27 23:55:07.092  INFO 85703 --- [    Test worker] c.a.s.i.SmoothieApplicationTests         : Started SmoothieApplicationTests in 4.36 seconds (JVM running for 5.467)
]]></system-out>
  <system-err><![CDATA[]]></system-err>
</testsuite>
